<?xml version="1.0" encoding="UTF-8"?>
<!-- Generated by org.testng.reporters.JUnitReportReporter -->
<testsuite hostname="BluespireTC_52" name="MavenPkg1.windowExample" tests="1" failures="0" timestamp="8 Feb 2018 10:53:22 GMT" time="37.638" errors="0">
  <testcase name="multiWindows" time="37.638" classname="MavenPkg1.windowExample"/>
</testsuite> <!-- MavenPkg1.windowExample -->
