<?xml version="1.0" encoding="UTF-8"?>
<!-- Generated by org.testng.reporters.JUnitReportReporter -->
<testsuite hostname="BluespireTC_52" name="MavenPkg1.handleScroll" tests="2" failures="0" timestamp="15 Feb 2018 07:49:16 GMT" time="5.307" errors="0">
  <testcase name="pageScroll" time="5.083" classname="MavenPkg1.handleScroll"/>
  <testcase name="scrollView" time="0.224" classname="MavenPkg1.handleScroll"/>
</testsuite> <!-- MavenPkg1.handleScroll -->
