<?xml version="1.0" encoding="UTF-8"?>
<!-- Generated by org.testng.reporters.JUnitReportReporter -->
<testsuite hostname="BluespireTC_52" name="MavenPkg1.FirstMaven" tests="1" failures="0" timestamp="20 Feb 2018 09:33:05 GMT" time="26.128" errors="0">
  <testcase name="reportTest" time="26.128" classname="MavenPkg1.FirstMaven"/>
</testsuite> <!-- MavenPkg1.FirstMaven -->
