<?xml version="1.0" encoding="UTF-8"?>
<!-- Generated by org.testng.reporters.JUnitReportReporter -->
<testsuite hostname="BluespireTC_52" name="MavenPkg.FirstMaven" tests="1" failures="0" timestamp="5 Feb 2018 12:54:39 GMT" time="37.970" errors="0">
  <testcase name="getTitle" time="37.970" classname="MavenPkg.FirstMaven"/>
</testsuite> <!-- MavenPkg.FirstMaven -->
